<?xml version="1.0" encoding="UTF-8"?>
<!-- Generated by org.testng.reporters.JUnitReportReporter -->
<testsuite hostname="NEWLNDVDI-0015" failures="0" tests="1" name="org.automation_fk.Test_FK_Product" time="13.540" errors="0" timestamp="2024-03-11T12:49:38 IST" skipped="0">
  <testcase classname="org.automation_fk.Test_FK_Product" name="login" time="13.540"/>
  <system-out/>
</testsuite> <!-- org.automation_fk.Test_FK_Product -->
